================================================================================
SESSION: 29 Aug 2025 14:08:55 +0300. Executing krita

Krita Version: 5.1.5, Qt version compiled: 5.15.8, loaded: 5.15.8. Process ID: 4245
-- -- -- -- -- -- -- --
29 Aug 2025 14:08:55 +0300: Style: fusion. Available styles: cleanlooks, gtk2, cde, motif, plastique, Windows, Fusion
29 Aug 2025 14:08:58 +0300: Creating database from scratch (database didn't exist, new schema version: 0.0.17).
29 Aug 2025 14:37:18 +0300: Created image "Unnamed", 1920 * 1080 pixels, 72 dpi. Color model: 8-bit integer/channel RGB/Alpha (sRGB-elle-V2-g10.icc). Layers: 2
29 Aug 2025 14:44:18 +0300: Autosaving: /home/ali/krita-4245-document_0-autosave.kra
29 Aug 2025 14:44:18 +0300: Converting from application/x-krita to application/x-krita. Location: /home/ali/krita-4245-document_0-autosave.kra. Real location: /home/ali/krita-4245-document_0-autosave.kra. Batchmode: 0. Configuration: none
29 Aug 2025 14:44:18 +0300: Completed saving /home/ali/krita-4245-document_0-autosave.kra (mime: application/x-krita). Result: OK. Warning: . Size: 4759
29 Aug 2025 15:07:04 +0300: Autosaving: /home/ali/krita-4245-document_0-autosave.kra
29 Aug 2025 15:07:04 +0300: Converting from application/x-krita to application/x-krita. Location: /home/ali/krita-4245-document_0-autosave.kra. Real location: /home/ali/krita-4245-document_0-autosave.kra. Batchmode: 0. Configuration: none
29 Aug 2025 15:07:05 +0300: Completed saving /home/ali/krita-4245-document_0-autosave.kra (mime: application/x-krita). Result: OK. Warning: . Size: 5783

KRITA DID NOT CLOSE CORRECTLY
================================================================================
SESSION: 29 Aug 2025 15:21:34 +0300. Executing krita /mnt/chromeos/MyFiles/Downloads/IMG_6257.jpg

Krita Version: 5.1.5, Qt version compiled: 5.15.8, loaded: 5.15.8. Process ID: 4519
-- -- -- -- -- -- -- --
29 Aug 2025 15:21:34 +0300: Style: fusion. Available styles: cleanlooks, gtk2, cde, motif, plastique, Windows, Fusion
+0300: CLOSING SESSION
29 Aug 2025 15:21:35 +0300: Importing image/jpeg to application/x-krita. Location: /mnt/chromeos/MyFiles/Downloads/IMG_6257.jpg. Real location: /mnt/chromeos/MyFiles/Downloads/IMG_6257.jpg. Batchmode: 0
29 Aug 2025 15:21:39 +0300: Loaded image from image/jpeg. Size: 3024 * 4032 pixels, 1 dpi. Color model: 8-bit integer/channel RGB/Alpha (Display P3). Layers: 2
29 Aug 2025 15:28:42 +0300: Autosaving: /mnt/chromeos/MyFiles/Downloads/IMG_6257.jpg-autosave.kra
29 Aug 2025 15:28:42 +0300: Converting from application/x-krita to application/x-krita. Location: /mnt/chromeos/MyFiles/Downloads/IMG_6257.jpg-autosave.kra. Real location: /mnt/chromeos/MyFiles/Downloads/IMG_6257.jpg-autosave.kra. Batchmode: 0. Configuration: none
29 Aug 2025 15:28:42 +0300: Completed saving /mnt/chromeos/MyFiles/Downloads/IMG_6257.jpg-autosave.kra (mime: application/x-krita). Result: Cannot open file for writing. Reason: The file could not be opened.. Warning: . Size: 0
29 Aug 2025 15:29:22 +0300: Autosaving: /mnt/chromeos/MyFiles/Downloads/IMG_6257.jpg-autosave.kra
29 Aug 2025 15:29:23 +0300: Converting from application/x-krita to application/x-krita. Location: /mnt/chromeos/MyFiles/Downloads/IMG_6257.jpg-autosave.kra. Real location: /mnt/chromeos/MyFiles/Downloads/IMG_6257.jpg-autosave.kra. Batchmode: 0. Configuration: none
29 Aug 2025 15:29:23 +0300: Completed saving /mnt/chromeos/MyFiles/Downloads/IMG_6257.jpg-autosave.kra (mime: application/x-krita). Result: Cannot open file for writing. Reason: The file could not be opened.. Warning: . Size: 0
29 Aug 2025 15:29:32 +0300: Autosaving: /mnt/chromeos/MyFiles/Downloads/IMG_6257.jpg-autosave.kra
29 Aug 2025 15:29:32 +0300: Converting from application/x-krita to application/x-krita. Location: /mnt/chromeos/MyFiles/Downloads/IMG_6257.jpg-autosave.kra. Real location: /mnt/chromeos/MyFiles/Downloads/IMG_6257.jpg-autosave.kra. Batchmode: 0. Configuration: none
29 Aug 2025 15:29:32 +0300: Completed saving /mnt/chromeos/MyFiles/Downloads/IMG_6257.jpg-autosave.kra (mime: application/x-krita). Result: Cannot open file for writing. Reason: The file could not be opened.. Warning: . Size: 0
29 Aug 2025 15:29:42 +0300: Autosaving: /mnt/chromeos/MyFiles/Downloads/IMG_6257.jpg-autosave.kra
29 Aug 2025 15:29:45 +0300: Autosaving: /mnt/chromeos/MyFiles/Downloads/IMG_6257.jpg-autosave.kra
29 Aug 2025 15:29:45 +0300: Converting from application/x-krita to application/x-krita. Location: /mnt/chromeos/MyFiles/Downloads/IMG_6257.jpg-autosave.kra. Real location: /mnt/chromeos/MyFiles/Downloads/IMG_6257.jpg-autosave.kra. Batchmode: 0. Configuration: none
29 Aug 2025 15:29:45 +0300: Completed saving /mnt/chromeos/MyFiles/Downloads/IMG_6257.jpg-autosave.kra (mime: application/x-krita). Result: Cannot open file for writing. Reason: The file could not be opened.. Warning: . Size: 0
29 Aug 2025 15:30:05 +0300: Autosaving: /mnt/chromeos/MyFiles/Downloads/IMG_6257.jpg-autosave.kra
29 Aug 2025 15:30:15 +0300: Autosaving: /mnt/chromeos/MyFiles/Downloads/IMG_6257.jpg-autosave.kra
29 Aug 2025 15:30:16 +0300: Converting from application/x-krita to application/x-krita. Location: /mnt/chromeos/MyFiles/Downloads/IMG_6257.jpg-autosave.kra. Real location: /mnt/chromeos/MyFiles/Downloads/IMG_6257.jpg-autosave.kra. Batchmode: 0. Configuration: none
29 Aug 2025 15:30:16 +0300: Completed saving /mnt/chromeos/MyFiles/Downloads/IMG_6257.jpg-autosave.kra (mime: application/x-krita). Result: Cannot open file for writing. Reason: The file could not be opened.. Warning: . Size: 0
29 Aug 2025 15:30:35 +0300: Autosaving: /mnt/chromeos/MyFiles/Downloads/IMG_6257.jpg-autosave.kra
29 Aug 2025 15:30:35 +0300: Converting from application/x-krita to application/x-krita. Location: /mnt/chromeos/MyFiles/Downloads/IMG_6257.jpg-autosave.kra. Real location: /mnt/chromeos/MyFiles/Downloads/IMG_6257.jpg-autosave.kra. Batchmode: 0. Configuration: none
29 Aug 2025 15:30:35 +0300: Completed saving /mnt/chromeos/MyFiles/Downloads/IMG_6257.jpg-autosave.kra (mime: application/x-krita). Result: Cannot open file for writing. Reason: The file could not be opened.. Warning: . Size: 0
29 Aug 2025 15:33:55 +0300: Autosaving: /mnt/chromeos/MyFiles/Downloads/IMG_6257.jpg-autosave.kra
29 Aug 2025 15:33:55 +0300: Converting from application/x-krita to application/x-krita. Location: /mnt/chromeos/MyFiles/Downloads/IMG_6257.jpg-autosave.kra. Real location: /mnt/chromeos/MyFiles/Downloads/IMG_6257.jpg-autosave.kra. Batchmode: 0. Configuration: none
29 Aug 2025 15:33:55 +0300: Completed saving /mnt/chromeos/MyFiles/Downloads/IMG_6257.jpg-autosave.kra (mime: application/x-krita). Result: Cannot open file for writing. Reason: The file could not be opened.. Warning: . Size: 0
29 Aug 2025 15:36:15 +0300: Autosaving: /mnt/chromeos/MyFiles/Downloads/IMG_6257.jpg-autosave.kra
29 Aug 2025 15:36:16 +0300: Converting from application/x-krita to application/x-krita. Location: /mnt/chromeos/MyFiles/Downloads/IMG_6257.jpg-autosave.kra. Real location: /mnt/chromeos/MyFiles/Downloads/IMG_6257.jpg-autosave.kra. Batchmode: 0. Configuration: none
29 Aug 2025 15:36:16 +0300: Completed saving /mnt/chromeos/MyFiles/Downloads/IMG_6257.jpg-autosave.kra (mime: application/x-krita). Result: Cannot open file for writing. Reason: The file could not be opened.. Warning: . Size: 0
29 Aug 2025 15:38:15 +0300: Autosaving: /mnt/chromeos/MyFiles/Downloads/IMG_6257.jpg-autosave.kra
29 Aug 2025 15:38:15 +0300: Converting from application/x-krita to application/x-krita. Location: /mnt/chromeos/MyFiles/Downloads/IMG_6257.jpg-autosave.kra. Real location: /mnt/chromeos/MyFiles/Downloads/IMG_6257.jpg-autosave.kra. Batchmode: 0. Configuration: none
29 Aug 2025 15:38:15 +0300: Completed saving /mnt/chromeos/MyFiles/Downloads/IMG_6257.jpg-autosave.kra (mime: application/x-krita). Result: Cannot open file for writing. Reason: The file could not be opened.. Warning: . Size: 0
29 Aug 2025 15:38:35 +0300: Autosaving: /mnt/chromeos/MyFiles/Downloads/IMG_6257.jpg-autosave.kra
29 Aug 2025 15:38:35 +0300: Converting from application/x-krita to application/x-krita. Location: /mnt/chromeos/MyFiles/Downloads/IMG_6257.jpg-autosave.kra. Real location: /mnt/chromeos/MyFiles/Downloads/IMG_6257.jpg-autosave.kra. Batchmode: 0. Configuration: none
29 Aug 2025 15:38:35 +0300: Completed saving /mnt/chromeos/MyFiles/Downloads/IMG_6257.jpg-autosave.kra (mime: application/x-krita). Result: Cannot open file for writing. Reason: The file could not be opened.. Warning: . Size: 0
29 Aug 2025 15:38:45 +0300: Autosaving: /mnt/chromeos/MyFiles/Downloads/IMG_6257.jpg-autosave.kra
29 Aug 2025 15:38:45 +0300: Converting from application/x-krita to application/x-krita. Location: /mnt/chromeos/MyFiles/Downloads/IMG_6257.jpg-autosave.kra. Real location: /mnt/chromeos/MyFiles/Downloads/IMG_6257.jpg-autosave.kra. Batchmode: 0. Configuration: none
29 Aug 2025 15:38:46 +0300: Completed saving /mnt/chromeos/MyFiles/Downloads/IMG_6257.jpg-autosave.kra (mime: application/x-krita). Result: Cannot open file for writing. Reason: The file could not be opened.. Warning: . Size: 0
29 Aug 2025 15:39:05 +0300: Autosaving: /mnt/chromeos/MyFiles/Downloads/IMG_6257.jpg-autosave.kra
29 Aug 2025 15:39:05 +0300: Converting from application/x-krita to application/x-krita. Location: /mnt/chromeos/MyFiles/Downloads/IMG_6257.jpg-autosave.kra. Real location: /mnt/chromeos/MyFiles/Downloads/IMG_6257.jpg-autosave.kra. Batchmode: 0. Configuration: none
29 Aug 2025 15:39:06 +0300: Completed saving /mnt/chromeos/MyFiles/Downloads/IMG_6257.jpg-autosave.kra (mime: application/x-krita). Result: Cannot open file for writing. Reason: The file could not be opened.. Warning: . Size: 0
29 Aug 2025 15:39:15 +0300: Autosaving: /mnt/chromeos/MyFiles/Downloads/IMG_6257.jpg-autosave.kra
29 Aug 2025 15:39:15 +0300: Converting from application/x-krita to application/x-krita. Location: /mnt/chromeos/MyFiles/Downloads/IMG_6257.jpg-autosave.kra. Real location: /mnt/chromeos/MyFiles/Downloads/IMG_6257.jpg-autosave.kra. Batchmode: 0. Configuration: none
29 Aug 2025 15:39:15 +0300: Completed saving /mnt/chromeos/MyFiles/Downloads/IMG_6257.jpg-autosave.kra (mime: application/x-krita). Result: Cannot open file for writing. Reason: The file could not be opened.. Warning: . Size: 0
29 Aug 2025 15:39:25 +0300: Autosaving: /mnt/chromeos/MyFiles/Downloads/IMG_6257.jpg-autosave.kra
29 Aug 2025 15:39:25 +0300: Converting from application/x-krita to application/x-krita. Location: /mnt/chromeos/MyFiles/Downloads/IMG_6257.jpg-autosave.kra. Real location: /mnt/chromeos/MyFiles/Downloads/IMG_6257.jpg-autosave.kra. Batchmode: 0. Configuration: none
29 Aug 2025 15:39:25 +0300: Completed saving /mnt/chromeos/MyFiles/Downloads/IMG_6257.jpg-autosave.kra (mime: application/x-krita). Result: Cannot open file for writing. Reason: The file could not be opened.. Warning: . Size: 0
29 Aug 2025 15:39:55 +0300: Autosaving: /mnt/chromeos/MyFiles/Downloads/IMG_6257.jpg-autosave.kra
29 Aug 2025 15:39:55 +0300: Converting from application/x-krita to application/x-krita. Location: /mnt/chromeos/MyFiles/Downloads/IMG_6257.jpg-autosave.kra. Real location: /mnt/chromeos/MyFiles/Downloads/IMG_6257.jpg-autosave.kra. Batchmode: 0. Configuration: none
29 Aug 2025 15:39:55 +0300: Completed saving /mnt/chromeos/MyFiles/Downloads/IMG_6257.jpg-autosave.kra (mime: application/x-krita). Result: Cannot open file for writing. Reason: The file could not be opened.. Warning: . Size: 0
29 Aug 2025 15:40:05 +0300: Autosaving: /mnt/chromeos/MyFiles/Downloads/IMG_6257.jpg-autosave.kra
29 Aug 2025 15:40:05 +0300: Converting from application/x-krita to application/x-krita. Location: /mnt/chromeos/MyFiles/Downloads/IMG_6257.jpg-autosave.kra. Real location: /mnt/chromeos/MyFiles/Downloads/IMG_6257.jpg-autosave.kra. Batchmode: 0. Configuration: none
29 Aug 2025 15:40:05 +0300: Completed saving /mnt/chromeos/MyFiles/Downloads/IMG_6257.jpg-autosave.kra (mime: application/x-krita). Result: Cannot open file for writing. Reason: The file could not be opened.. Warning: . Size: 0
29 Aug 2025 15:43:05 +0300: Autosaving: /mnt/chromeos/MyFiles/Downloads/IMG_6257.jpg-autosave.kra
29 Aug 2025 15:43:05 +0300: Converting from application/x-krita to application/x-krita. Location: /mnt/chromeos/MyFiles/Downloads/IMG_6257.jpg-autosave.kra. Real location: /mnt/chromeos/MyFiles/Downloads/IMG_6257.jpg-autosave.kra. Batchmode: 0. Configuration: none
29 Aug 2025 15:43:05 +0300: Completed saving /mnt/chromeos/MyFiles/Downloads/IMG_6257.jpg-autosave.kra (mime: application/x-krita). Result: Cannot open file for writing. Reason: The file could not be opened.. Warning: . Size: 0
29 Aug 2025 15:43:15 +0300: Autosaving: /mnt/chromeos/MyFiles/Downloads/IMG_6257.jpg-autosave.kra
29 Aug 2025 15:43:15 +0300: Converting from application/x-krita to application/x-krita. Location: /mnt/chromeos/MyFiles/Downloads/IMG_6257.jpg-autosave.kra. Real location: /mnt/chromeos/MyFiles/Downloads/IMG_6257.jpg-autosave.kra. Batchmode: 0. Configuration: none
29 Aug 2025 15:43:15 +0300: Completed saving /mnt/chromeos/MyFiles/Downloads/IMG_6257.jpg-autosave.kra (mime: application/x-krita). Result: Cannot open file for writing. Reason: The file could not be opened.. Warning: . Size: 0
29 Aug 2025 15:45:25 +0300: Autosaving: /mnt/chromeos/MyFiles/Downloads/IMG_6257.jpg-autosave.kra
29 Aug 2025 15:45:25 +0300: Converting from application/x-krita to application/x-krita. Location: /mnt/chromeos/MyFiles/Downloads/IMG_6257.jpg-autosave.kra. Real location: /mnt/chromeos/MyFiles/Downloads/IMG_6257.jpg-autosave.kra. Batchmode: 0. Configuration: none
29 Aug 2025 15:45:25 +0300: Completed saving /mnt/chromeos/MyFiles/Downloads/IMG_6257.jpg-autosave.kra (mime: application/x-krita). Result: Cannot open file for writing. Reason: The file could not be opened.. Warning: . Size: 0
29 Aug 2025 15:46:25 +0300: Autosaving: /mnt/chromeos/MyFiles/Downloads/IMG_6257.jpg-autosave.kra
29 Aug 2025 15:46:26 +0300: Converting from application/x-krita to application/x-krita. Location: /mnt/chromeos/MyFiles/Downloads/IMG_6257.jpg-autosave.kra. Real location: /mnt/chromeos/MyFiles/Downloads/IMG_6257.jpg-autosave.kra. Batchmode: 0. Configuration: none
29 Aug 2025 15:46:26 +0300: Completed saving /mnt/chromeos/MyFiles/Downloads/IMG_6257.jpg-autosave.kra (mime: application/x-krita). Result: Cannot open file for writing. Reason: The file could not be opened.. Warning: . Size: 0
29 Aug 2025 15:46:36 +0300: Autosaving: /mnt/chromeos/MyFiles/Downloads/IMG_6257.jpg-autosave.kra
29 Aug 2025 15:46:36 +0300: Converting from application/x-krita to application/x-krita. Location: /mnt/chromeos/MyFiles/Downloads/IMG_6257.jpg-autosave.kra. Real location: /mnt/chromeos/MyFiles/Downloads/IMG_6257.jpg-autosave.kra. Batchmode: 0. Configuration: none
29 Aug 2025 15:46:37 +0300: Completed saving /mnt/chromeos/MyFiles/Downloads/IMG_6257.jpg-autosave.kra (mime: application/x-krita). Result: Cannot open file for writing. Reason: The file could not be opened.. Warning: . Size: 0
29 Aug 2025 15:49:06 +0300: Autosaving: /mnt/chromeos/MyFiles/Downloads/IMG_6257.jpg-autosave.kra
29 Aug 2025 15:49:07 +0300: Converting from application/x-krita to application/x-krita. Location: /mnt/chromeos/MyFiles/Downloads/IMG_6257.jpg-autosave.kra. Real location: /mnt/chromeos/MyFiles/Downloads/IMG_6257.jpg-autosave.kra. Batchmode: 0. Configuration: none
29 Aug 2025 15:49:07 +0300: Completed saving /mnt/chromeos/MyFiles/Downloads/IMG_6257.jpg-autosave.kra (mime: application/x-krita). Result: Cannot open file for writing. Reason: The file could not be opened.. Warning: . Size: 0
29 Aug 2025 15:49:47 +0300: Autosaving: /mnt/chromeos/MyFiles/Downloads/IMG_6257.jpg-autosave.kra
29 Aug 2025 15:49:47 +0300: Converting from application/x-krita to application/x-krita. Location: /mnt/chromeos/MyFiles/Downloads/IMG_6257.jpg-autosave.kra. Real location: /mnt/chromeos/MyFiles/Downloads/IMG_6257.jpg-autosave.kra. Batchmode: 0. Configuration: none
29 Aug 2025 15:49:47 +0300: Completed saving /mnt/chromeos/MyFiles/Downloads/IMG_6257.jpg-autosave.kra (mime: application/x-krita). Result: Cannot open file for writing. Reason: The file could not be opened.. Warning: . Size: 0
29 Aug 2025 15:50:57 +0300: Autosaving: /mnt/chromeos/MyFiles/Downloads/IMG_6257.jpg-autosave.kra
29 Aug 2025 15:50:57 +0300: Converting from application/x-krita to application/x-krita. Location: /mnt/chromeos/MyFiles/Downloads/IMG_6257.jpg-autosave.kra. Real location: /mnt/chromeos/MyFiles/Downloads/IMG_6257.jpg-autosave.kra. Batchmode: 0. Configuration: none
29 Aug 2025 15:50:57 +0300: Completed saving /mnt/chromeos/MyFiles/Downloads/IMG_6257.jpg-autosave.kra (mime: application/x-krita). Result: Cannot open file for writing. Reason: The file could not be opened.. Warning: . Size: 0
29 Aug 2025 15:51:07 +0300: Autosaving: /mnt/chromeos/MyFiles/Downloads/IMG_6257.jpg-autosave.kra
29 Aug 2025 15:51:07 +0300: Converting from application/x-krita to application/x-krita. Location: /mnt/chromeos/MyFiles/Downloads/IMG_6257.jpg-autosave.kra. Real location: /mnt/chromeos/MyFiles/Downloads/IMG_6257.jpg-autosave.kra. Batchmode: 0. Configuration: none
29 Aug 2025 15:51:07 +0300: Completed saving /mnt/chromeos/MyFiles/Downloads/IMG_6257.jpg-autosave.kra (mime: application/x-krita). Result: Cannot open file for writing. Reason: The file could not be opened.. Warning: . Size: 0
29 Aug 2025 15:51:17 +0300: Autosaving: /mnt/chromeos/MyFiles/Downloads/IMG_6257.jpg-autosave.kra
29 Aug 2025 15:51:17 +0300: Converting from application/x-krita to application/x-krita. Location: /mnt/chromeos/MyFiles/Downloads/IMG_6257.jpg-autosave.kra. Real location: /mnt/chromeos/MyFiles/Downloads/IMG_6257.jpg-autosave.kra. Batchmode: 0. Configuration: none
29 Aug 2025 15:51:17 +0300: Completed saving /mnt/chromeos/MyFiles/Downloads/IMG_6257.jpg-autosave.kra (mime: application/x-krita). Result: Cannot open file for writing. Reason: The file could not be opened.. Warning: . Size: 0
29 Aug 2025 15:51:27 +0300: Autosaving: /mnt/chromeos/MyFiles/Downloads/IMG_6257.jpg-autosave.kra
29 Aug 2025 15:51:27 +0300: Converting from application/x-krita to application/x-krita. Location: /mnt/chromeos/MyFiles/Downloads/IMG_6257.jpg-autosave.kra. Real location: /mnt/chromeos/MyFiles/Downloads/IMG_6257.jpg-autosave.kra. Batchmode: 0. Configuration: none
29 Aug 2025 15:51:27 +0300: Completed saving /mnt/chromeos/MyFiles/Downloads/IMG_6257.jpg-autosave.kra (mime: application/x-krita). Result: Cannot open file for writing. Reason: The file could not be opened.. Warning: . Size: 0
29 Aug 2025 15:54:37 +0300: Autosaving: /mnt/chromeos/MyFiles/Downloads/IMG_6257.jpg-autosave.kra
29 Aug 2025 15:54:38 +0300: Converting from application/x-krita to application/x-krita. Location: /mnt/chromeos/MyFiles/Downloads/IMG_6257.jpg-autosave.kra. Real location: /mnt/chromeos/MyFiles/Downloads/IMG_6257.jpg-autosave.kra. Batchmode: 0. Configuration: none
29 Aug 2025 15:54:38 +0300: Completed saving /mnt/chromeos/MyFiles/Downloads/IMG_6257.jpg-autosave.kra (mime: application/x-krita). Result: Cannot open file for writing. Reason: The file could not be opened.. Warning: . Size: 0
29 Aug 2025 15:54:47 +0300: Autosaving: /mnt/chromeos/MyFiles/Downloads/IMG_6257.jpg-autosave.kra
29 Aug 2025 15:54:47 +0300: Converting from application/x-krita to application/x-krita. Location: /mnt/chromeos/MyFiles/Downloads/IMG_6257.jpg-autosave.kra. Real location: /mnt/chromeos/MyFiles/Downloads/IMG_6257.jpg-autosave.kra. Batchmode: 0. Configuration: none
29 Aug 2025 15:54:47 +0300: Completed saving /mnt/chromeos/MyFiles/Downloads/IMG_6257.jpg-autosave.kra (mime: application/x-krita). Result: Cannot open file for writing. Reason: The file could not be opened.. Warning: . Size: 0
29 Aug 2025 15:55:07 +0300: Autosaving: /mnt/chromeos/MyFiles/Downloads/IMG_6257.jpg-autosave.kra
29 Aug 2025 15:55:07 +0300: Converting from application/x-krita to application/x-krita. Location: /mnt/chromeos/MyFiles/Downloads/IMG_6257.jpg-autosave.kra. Real location: /mnt/chromeos/MyFiles/Downloads/IMG_6257.jpg-autosave.kra. Batchmode: 0. Configuration: none
29 Aug 2025 15:55:07 +0300: Completed saving /mnt/chromeos/MyFiles/Downloads/IMG_6257.jpg-autosave.kra (mime: application/x-krita). Result: Cannot open file for writing. Reason: The file could not be opened.. Warning: . Size: 0
29 Aug 2025 15:55:17 +0300: Autosaving: /mnt/chromeos/MyFiles/Downloads/IMG_6257.jpg-autosave.kra
29 Aug 2025 15:55:19 +0300: Autosaving: /mnt/chromeos/MyFiles/Downloads/IMG_6257.jpg-autosave.kra
29 Aug 2025 15:55:19 +0300: Converting from application/x-krita to application/x-krita. Location: /mnt/chromeos/MyFiles/Downloads/IMG_6257.jpg-autosave.kra. Real location: /mnt/chromeos/MyFiles/Downloads/IMG_6257.jpg-autosave.kra. Batchmode: 0. Configuration: none
29 Aug 2025 15:55:19 +0300: Completed saving /mnt/chromeos/MyFiles/Downloads/IMG_6257.jpg-autosave.kra (mime: application/x-krita). Result: Cannot open file for writing. Reason: The file could not be opened.. Warning: . Size: 0
29 Aug 2025 15:55:28 +0300: Autosaving: /mnt/chromeos/MyFiles/Downloads/IMG_6257.jpg-autosave.kra
29 Aug 2025 15:55:28 +0300: Converting from application/x-krita to application/x-krita. Location: /mnt/chromeos/MyFiles/Downloads/IMG_6257.jpg-autosave.kra. Real location: /mnt/chromeos/MyFiles/Downloads/IMG_6257.jpg-autosave.kra. Batchmode: 0. Configuration: none
29 Aug 2025 15:55:28 +0300: Completed saving /mnt/chromeos/MyFiles/Downloads/IMG_6257.jpg-autosave.kra (mime: application/x-krita). Result: Cannot open file for writing. Reason: The file could not be opened.. Warning: . Size: 0
29 Aug 2025 15:58:58 +0300: Autosaving: /mnt/chromeos/MyFiles/Downloads/IMG_6257.jpg-autosave.kra
29 Aug 2025 15:58:58 +0300: Converting from application/x-krita to application/x-krita. Location: /mnt/chromeos/MyFiles/Downloads/IMG_6257.jpg-autosave.kra. Real location: /mnt/chromeos/MyFiles/Downloads/IMG_6257.jpg-autosave.kra. Batchmode: 0. Configuration: none
29 Aug 2025 15:58:58 +0300: Completed saving /mnt/chromeos/MyFiles/Downloads/IMG_6257.jpg-autosave.kra (mime: application/x-krita). Result: Cannot open file for writing. Reason: The file could not be opened.. Warning: . Size: 0
29 Aug 2025 15:59:18 +0300: Autosaving: /mnt/chromeos/MyFiles/Downloads/IMG_6257.jpg-autosave.kra
29 Aug 2025 15:59:18 +0300: Converting from application/x-krita to application/x-krita. Location: /mnt/chromeos/MyFiles/Downloads/IMG_6257.jpg-autosave.kra. Real location: /mnt/chromeos/MyFiles/Downloads/IMG_6257.jpg-autosave.kra. Batchmode: 0. Configuration: none
29 Aug 2025 15:59:18 +0300: Completed saving /mnt/chromeos/MyFiles/Downloads/IMG_6257.jpg-autosave.kra (mime: application/x-krita). Result: Cannot open file for writing. Reason: The file could not be opened.. Warning: . Size: 0
29 Aug 2025 15:59:28 +0300: Autosaving: /mnt/chromeos/MyFiles/Downloads/IMG_6257.jpg-autosave.kra
29 Aug 2025 15:59:28 +0300: Converting from application/x-krita to application/x-krita. Location: /mnt/chromeos/MyFiles/Downloads/IMG_6257.jpg-autosave.kra. Real location: /mnt/chromeos/MyFiles/Downloads/IMG_6257.jpg-autosave.kra. Batchmode: 0. Configuration: none
29 Aug 2025 15:59:28 +0300: Completed saving /mnt/chromeos/MyFiles/Downloads/IMG_6257.jpg-autosave.kra (mime: application/x-krita). Result: Cannot open file for writing. Reason: The file could not be opened.. Warning: . Size: 0
29 Aug 2025 15:59:58 +0300: Autosaving: /mnt/chromeos/MyFiles/Downloads/IMG_6257.jpg-autosave.kra
29 Aug 2025 15:59:58 +0300: Converting from application/x-krita to application/x-krita. Location: /mnt/chromeos/MyFiles/Downloads/IMG_6257.jpg-autosave.kra. Real location: /mnt/chromeos/MyFiles/Downloads/IMG_6257.jpg-autosave.kra. Batchmode: 0. Configuration: none
29 Aug 2025 15:59:58 +0300: Completed saving /mnt/chromeos/MyFiles/Downloads/IMG_6257.jpg-autosave.kra (mime: application/x-krita). Result: Cannot open file for writing. Reason: The file could not be opened.. Warning: . Size: 0
29 Aug 2025 16:00:18 +0300: Autosaving: /mnt/chromeos/MyFiles/Downloads/IMG_6257.jpg-autosave.kra
29 Aug 2025 16:00:18 +0300: Converting from application/x-krita to application/x-krita. Location: /mnt/chromeos/MyFiles/Downloads/IMG_6257.jpg-autosave.kra. Real location: /mnt/chromeos/MyFiles/Downloads/IMG_6257.jpg-autosave.kra. Batchmode: 0. Configuration: none
29 Aug 2025 16:00:18 +0300: Completed saving /mnt/chromeos/MyFiles/Downloads/IMG_6257.jpg-autosave.kra (mime: application/x-krita). Result: Cannot open file for writing. Reason: The file could not be opened.. Warning: . Size: 0
29 Aug 2025 16:00:28 +0300: Autosaving: /mnt/chromeos/MyFiles/Downloads/IMG_6257.jpg-autosave.kra
29 Aug 2025 16:00:28 +0300: Converting from application/x-krita to application/x-krita. Location: /mnt/chromeos/MyFiles/Downloads/IMG_6257.jpg-autosave.kra. Real location: /mnt/chromeos/MyFiles/Downloads/IMG_6257.jpg-autosave.kra. Batchmode: 0. Configuration: none
29 Aug 2025 16:00:28 +0300: Completed saving /mnt/chromeos/MyFiles/Downloads/IMG_6257.jpg-autosave.kra (mime: application/x-krita). Result: Cannot open file for writing. Reason: The file could not be opened.. Warning: . Size: 0
29 Aug 2025 16:02:18 +0300: Autosaving: /mnt/chromeos/MyFiles/Downloads/IMG_6257.jpg-autosave.kra
29 Aug 2025 16:02:18 +0300: Converting from application/x-krita to application/x-krita. Location: /mnt/chromeos/MyFiles/Downloads/IMG_6257.jpg-autosave.kra. Real location: /mnt/chromeos/MyFiles/Downloads/IMG_6257.jpg-autosave.kra. Batchmode: 0. Configuration: none
29 Aug 2025 16:02:18 +0300: Completed saving /mnt/chromeos/MyFiles/Downloads/IMG_6257.jpg-autosave.kra (mime: application/x-krita). Result: Cannot open file for writing. Reason: The file could not be opened.. Warning: . Size: 0
29 Aug 2025 16:02:28 +0300: Autosaving: /mnt/chromeos/MyFiles/Downloads/IMG_6257.jpg-autosave.kra
29 Aug 2025 16:02:28 +0300: Converting from application/x-krita to application/x-krita. Location: /mnt/chromeos/MyFiles/Downloads/IMG_6257.jpg-autosave.kra. Real location: /mnt/chromeos/MyFiles/Downloads/IMG_6257.jpg-autosave.kra. Batchmode: 0. Configuration: none
29 Aug 2025 16:02:28 +0300: Completed saving /mnt/chromeos/MyFiles/Downloads/IMG_6257.jpg-autosave.kra (mime: application/x-krita). Result: Cannot open file for writing. Reason: The file could not be opened.. Warning: . Size: 0
29 Aug 2025 16:03:18 +0300: Autosaving: /mnt/chromeos/MyFiles/Downloads/IMG_6257.jpg-autosave.kra
29 Aug 2025 16:03:18 +0300: Converting from application/x-krita to application/x-krita. Location: /mnt/chromeos/MyFiles/Downloads/IMG_6257.jpg-autosave.kra. Real location: /mnt/chromeos/MyFiles/Downloads/IMG_6257.jpg-autosave.kra. Batchmode: 0. Configuration: none
29 Aug 2025 16:03:18 +0300: Completed saving /mnt/chromeos/MyFiles/Downloads/IMG_6257.jpg-autosave.kra (mime: application/x-krita). Result: Cannot open file for writing. Reason: The file could not be opened.. Warning: . Size: 0
29 Aug 2025 16:03:28 +0300: Autosaving: /mnt/chromeos/MyFiles/Downloads/IMG_6257.jpg-autosave.kra
29 Aug 2025 16:03:28 +0300: Converting from application/x-krita to application/x-krita. Location: /mnt/chromeos/MyFiles/Downloads/IMG_6257.jpg-autosave.kra. Real location: /mnt/chromeos/MyFiles/Downloads/IMG_6257.jpg-autosave.kra. Batchmode: 0. Configuration: none
29 Aug 2025 16:03:28 +0300: Completed saving /mnt/chromeos/MyFiles/Downloads/IMG_6257.jpg-autosave.kra (mime: application/x-krita). Result: Cannot open file for writing. Reason: The file could not be opened.. Warning: . Size: 0
29 Aug 2025 16:03:38 +0300: Autosaving: /mnt/chromeos/MyFiles/Downloads/IMG_6257.jpg-autosave.kra
29 Aug 2025 16:03:38 +0300: Converting from application/x-krita to application/x-krita. Location: /mnt/chromeos/MyFiles/Downloads/IMG_6257.jpg-autosave.kra. Real location: /mnt/chromeos/MyFiles/Downloads/IMG_6257.jpg-autosave.kra. Batchmode: 0. Configuration: none
29 Aug 2025 16:03:38 +0300: Completed saving /mnt/chromeos/MyFiles/Downloads/IMG_6257.jpg-autosave.kra (mime: application/x-krita). Result: Cannot open file for writing. Reason: The file could not be opened.. Warning: . Size: 0
29 Aug 2025 16:04:08 +0300: Autosaving: /mnt/chromeos/MyFiles/Downloads/IMG_6257.jpg-autosave.kra
29 Aug 2025 16:04:08 +0300: Converting from application/x-krita to application/x-krita. Location: /mnt/chromeos/MyFiles/Downloads/IMG_6257.jpg-autosave.kra. Real location: /mnt/chromeos/MyFiles/Downloads/IMG_6257.jpg-autosave.kra. Batchmode: 0. Configuration: none
29 Aug 2025 16:04:09 +0300: Completed saving /mnt/chromeos/MyFiles/Downloads/IMG_6257.jpg-autosave.kra (mime: application/x-krita). Result: Cannot open file for writing. Reason: The file could not be opened.. Warning: . Size: 0
29 Aug 2025 16:04:18 +0300: Autosaving: /mnt/chromeos/MyFiles/Downloads/IMG_6257.jpg-autosave.kra
29 Aug 2025 16:04:19 +0300: Converting from application/x-krita to application/x-krita. Location: /mnt/chromeos/MyFiles/Downloads/IMG_6257.jpg-autosave.kra. Real location: /mnt/chromeos/MyFiles/Downloads/IMG_6257.jpg-autosave.kra. Batchmode: 0. Configuration: none
29 Aug 2025 16:04:20 +0300: Completed saving /mnt/chromeos/MyFiles/Downloads/IMG_6257.jpg-autosave.kra (mime: application/x-krita). Result: Cannot open file for writing. Reason: The file could not be opened.. Warning: . Size: 0
29 Aug 2025 16:09:50 +0300: Autosaving: /mnt/chromeos/MyFiles/Downloads/IMG_6257.jpg-autosave.kra
29 Aug 2025 16:09:51 +0300: Converting from application/x-krita to application/x-krita. Location: /mnt/chromeos/MyFiles/Downloads/IMG_6257.jpg-autosave.kra. Real location: /mnt/chromeos/MyFiles/Downloads/IMG_6257.jpg-autosave.kra. Batchmode: 0. Configuration: none
29 Aug 2025 16:09:51 +0300: Completed saving /mnt/chromeos/MyFiles/Downloads/IMG_6257.jpg-autosave.kra (mime: application/x-krita). Result: Cannot open file for writing. Reason: The file could not be opened.. Warning: . Size: 0
29 Aug 2025 16:14:10 +0300: Autosaving: /mnt/chromeos/MyFiles/Downloads/IMG_6257.jpg-autosave.kra
29 Aug 2025 16:14:20 +0300: Autosaving: /mnt/chromeos/MyFiles/Downloads/IMG_6257.jpg-autosave.kra
29 Aug 2025 16:14:20 +0300: Converting from application/x-krita to application/x-krita. Location: /mnt/chromeos/MyFiles/Downloads/IMG_6257.jpg-autosave.kra. Real location: /mnt/chromeos/MyFiles/Downloads/IMG_6257.jpg-autosave.kra. Batchmode: 0. Configuration: none
29 Aug 2025 16:14:20 +0300: Completed saving /mnt/chromeos/MyFiles/Downloads/IMG_6257.jpg-autosave.kra (mime: application/x-krita). Result: Cannot open file for writing. Reason: The file could not be opened.. Warning: . Size: 0
29 Aug 2025 16:14:30 +0300: Autosaving: /mnt/chromeos/MyFiles/Downloads/IMG_6257.jpg-autosave.kra
29 Aug 2025 16:14:30 +0300: Converting from application/x-krita to application/x-krita. Location: /mnt/chromeos/MyFiles/Downloads/IMG_6257.jpg-autosave.kra. Real location: /mnt/chromeos/MyFiles/Downloads/IMG_6257.jpg-autosave.kra. Batchmode: 0. Configuration: none
29 Aug 2025 16:14:31 +0300: Completed saving /mnt/chromeos/MyFiles/Downloads/IMG_6257.jpg-autosave.kra (mime: application/x-krita). Result: Cannot open file for writing. Reason: The file could not be opened.. Warning: . Size: 0
29 Aug 2025 16:17:00 +0300: Autosaving: /mnt/chromeos/MyFiles/Downloads/IMG_6257.jpg-autosave.kra
29 Aug 2025 16:17:00 +0300: Converting from application/x-krita to application/x-krita. Location: /mnt/chromeos/MyFiles/Downloads/IMG_6257.jpg-autosave.kra. Real location: /mnt/chromeos/MyFiles/Downloads/IMG_6257.jpg-autosave.kra. Batchmode: 0. Configuration: none
29 Aug 2025 16:17:00 +0300: Completed saving /mnt/chromeos/MyFiles/Downloads/IMG_6257.jpg-autosave.kra (mime: application/x-krita). Result: Cannot open file for writing. Reason: The file could not be opened.. Warning: . Size: 0
29 Aug 2025 16:18:30 +0300: Autosaving: /mnt/chromeos/MyFiles/Downloads/IMG_6257.jpg-autosave.kra
29 Aug 2025 16:18:30 +0300: Converting from application/x-krita to application/x-krita. Location: /mnt/chromeos/MyFiles/Downloads/IMG_6257.jpg-autosave.kra. Real location: /mnt/chromeos/MyFiles/Downloads/IMG_6257.jpg-autosave.kra. Batchmode: 0. Configuration: none
29 Aug 2025 16:18:30 +0300: Completed saving /mnt/chromeos/MyFiles/Downloads/IMG_6257.jpg-autosave.kra (mime: application/x-krita). Result: Cannot open file for writing. Reason: The file could not be opened.. Warning: . Size: 0
29 Aug 2025 16:18:50 +0300: Autosaving: /mnt/chromeos/MyFiles/Downloads/IMG_6257.jpg-autosave.kra
29 Aug 2025 16:18:50 +0300: Converting from application/x-krita to application/x-krita. Location: /mnt/chromeos/MyFiles/Downloads/IMG_6257.jpg-autosave.kra. Real location: /mnt/chromeos/MyFiles/Downloads/IMG_6257.jpg-autosave.kra. Batchmode: 0. Configuration: none
29 Aug 2025 16:18:50 +0300: Completed saving /mnt/chromeos/MyFiles/Downloads/IMG_6257.jpg-autosave.kra (mime: application/x-krita). Result: Cannot open file for writing. Reason: The file could not be opened.. Warning: . Size: 0
29 Aug 2025 16:21:20 +0300: Autosaving: /mnt/chromeos/MyFiles/Downloads/IMG_6257.jpg-autosave.kra
29 Aug 2025 16:21:20 +0300: Converting from application/x-krita to application/x-krita. Location: /mnt/chromeos/MyFiles/Downloads/IMG_6257.jpg-autosave.kra. Real location: /mnt/chromeos/MyFiles/Downloads/IMG_6257.jpg-autosave.kra. Batchmode: 0. Configuration: none
29 Aug 2025 16:21:20 +0300: Completed saving /mnt/chromeos/MyFiles/Downloads/IMG_6257.jpg-autosave.kra (mime: application/x-krita). Result: Cannot open file for writing. Reason: The file could not be opened.. Warning: . Size: 0
29 Aug 2025 16:41:33 +0300: Saving Document  as /home/ali/Pictures.kra (mime: application/x-krita). 1920 * 1080 pixels, 4 layers.  101 frames, 24 framerate. Export configuration: No configuration
29 Aug 2025 16:41:33 +0300: Converting from application/x-krita to application/x-krita. Location: /home/ali/Pictures.kra. Real location: /home/ali/Pictures.kra. Batchmode: 0. Configuration: none
29 Aug 2025 16:41:34 +0300: Completed saving /home/ali/Pictures.kra (mime: application/x-krita). Result: OK. Warning: . Size: 45422
29 Aug 2025 16:41:34 +0300: Removing autosave file: /home/ali/krita-4245-document_0-autosave.kra
29 Aug 2025 16:41:34 +0300: Saving Completed
29 Aug 2025 16:41:41 +0300: Saving Document /mnt/chromeos/MyFiles/Downloads/IMG_6257.jpg as /mnt/chromeos/MyFiles/Downloads/IMG_6257.jpg (mime: image/jpeg). 3024 * 4032 pixels, 5 layers.  101 frames, 24 framerate. Export configuration: No configuration
29 Aug 2025 16:41:41 +0300: Failed to create a simple backup for /mnt/chromeos/MyFiles/Downloads/IMG_6257.jpg in the same location as the file.
29 Aug 2025 16:41:49 +0300: CLOSING SESSION
